<?xml version="1.0" encoding="UTF-8"?>
<testsuite name="LeetCode.PalindromeTest" tests="3" skipped="0" failures="0" errors="0" timestamp="2022-08-14T22:42:44" hostname="Phillips-MacBook-Pro.local" time="0.015">
  <properties/>
  <testcase name="Pandloriam test 10" classname="LeetCode.PalindromeTest" time="0.012"/>
  <testcase name="Pandloriam test 121" classname="LeetCode.PalindromeTest" time="0.001"/>
  <testcase name="Pandloriam test 121" classname="LeetCode.PalindromeTest" time="0.0"/>
  <system-out><![CDATA[Returning False
Returning False
Returning True
]]></system-out>
  <system-err><![CDATA[]]></system-err>
</testsuite>
